
Build and version information

Build number 6.0.9
Build date   20250515
Built:       
      by     ma.castillot
      on     sn4622119831
      git id d993af2a20623fcf9dc867341fb6902d395c0ec9
      with   GNU Fortran GCC 11.4.1 20231218 Red Hat 11.4.1-3
qprep version 6.0.9 , git id=d993af2a20623fcf9dc867341fb6902d395c0ec9 initialising
Current date 2025- 6- 5 and time  7:58:30

Welcome in qprep modification date 20250515

 Q6, Copyright © 2017 Johan Åqvist, John Marelius, Shina Caroline Lynn Kamerlin and Paul Bauer
 Q6 comes with ABSOLUTELY NO WARRANTY.  This is free software, and you are welcome
 to redistribute it under certain conditions. For details, add the --help flag.

Qprep> 
Reading molecular library OPLS2005.lib

name  atoms  net Q  bonds  rules   imps Q-grps
ALA      10   0.00      9      0      2      3
ARG      24   1.00     23      2      6      4
ARN      23   0.00     22      2      5      5
ASN      14   0.00     13      1      4      5
ASP      12  -1.00     11      0      3      3
ASH      13   0.00     12      1      3      4
CYS      11   0.00     10      0      2      3
CYX      10   0.00      9      0      2      3
GLN      17   0.00     16      1      4      6
GLU      15  -1.00     14      0      3      4
GLH      16   0.00     15      1      3      5
GLY       7   0.00      6      0      2      2
HIP      18   1.00     18      0      7      3
HID      17   0.00     17      0      6      3
HIE      17   0.00     17      0      6      3
ILE      19   0.00     18      0      2      6
LEU      19   0.00     18      0      2      6
LYS      22   1.00     21      0      2      6
KCX      23  -1.00     22      0      4      6
LYN      21   0.00     20      0      2      6
MET      17   0.00     16      0      2      4
PHE      20   0.00     20      0      8      8
PRO      14   0.00     14      0      2      4
SEB      10  -0.42      9      0      2      3
>>> Warning: fractional charge = -0.41800 on group no.  2
SER      11  -0.00     10      0      2      3
THR      14  -0.00     13      0      2      4
TRP      24   0.00     25      0     11      8
TYR      21   0.00     21      0      8      8
VAL      16   0.00     15      0      2      5
NALA     12   1.00     11      0      1      3
NAR+     26   2.00     25      2      5      4
NARG     25   1.00     24      2      4      5
NASN     16   1.00     15      1      3      5
NAS-     14   0.00     13      0      2      3
NASP     15   1.00     14      1      2      4
NCYS     13   1.00     12      0      1      3
NCYX     12   1.00     11      0      1      3
NGLN     19   1.00     18      1      3      6
NGL-     17   0.00     16      0      2      4
NGLU     18   1.00     17      1      2      5
NGLY      9   1.00      8      0      1      2
NHIP     20   2.00     20      0      6      3
NHID     19   1.00     19      0      5      3
NHIE     19   1.00     19      0      5      3
NILE     21   1.00     20      0      1      6
NLEU     21   1.00     20      0      1      6
NLYP     24   2.00     23      0      1      6
NLY+     24   2.00     23      0      1      6
NLYS     23   1.00     22      0      1      6
NMET     19   1.00     18      0      1      4
NPHE     22   1.00     22      0      7      8
NPRO     16   1.00     16      0      1      4
NSER     13   1.00     12      0      1      3
NTHR     16   1.00     15      0      1      4
NTRP     26   1.00     27      0     10      8
NTYR     23   1.00     23      0      7      8
NVAL     18   1.00     17      0      1      5
CALA     11  -1.00     10      0      2      2
CAR+     25   0.00     24      2      6      3
CARG     24  -1.00     23      2      5      4
CASN     15  -1.00     14      1      4      4
CAS-     13  -2.00     12      0      3      2
CASP     14  -1.00     13      1      3      3
CCYS     12  -1.00     11      0      2      2
CCYX     11  -1.00     10      0      2      2
CGLN     18  -1.00     17      1      4      5
CGL-     16  -2.00     15      0      3      3
CGLU     17  -1.00     16      1      3      4
CGLY      8  -1.00      7      0      2      1
CHIP     19  -0.00     19      0      7      2
CHID     18  -1.00     18      0      6      2
CHIE     18  -1.00     18      0      6      2
CILE     20  -1.00     19      0      2      5
CLEU     20  -1.00     19      0      2      5
CLYP     23   0.00     22      0      2      5
CLY+     23   0.00     22      0      2      5
CLYS     22  -1.00     21      0      2      5
CMET     18  -1.00     17      0      2      3
CPHE     21  -1.00     21      0      8      7
CPRO     15  -1.00     15      0      1      3
CSER     12  -1.00     11      0      2      2
CTHR     15  -1.00     14      0      2      3
CTRP     25  -1.00     26      0     11      7
CTYR     22  -1.00     22      0      8      7
CVAL     17  -1.00     16      0      2      4
HOH       3   0.00      3      0      0      1
SPC       3   0.00      3      0      0      1
K+        1   1.00      0      0      0    none, creating default
Na+       1   1.00      0      0      0    none, creating default
Ca2       1   2.00      0      0      0    none, creating default
Cl-       1  -1.00      0      0      0    none, creating default
ZN2       5   2.00      4      0      0    none, creating default
POP      52   0.00     51      0      3     18

Accumulated no. of library entries loaded =  93

Qprep> 
Reading molecular library NUT.lib

name  atoms  net Q  bonds  rules   imps Q-grps
LIG      70  -0.00     74      0     24    none, creating default

Accumulated no. of library entries loaded =  94

Qprep> Qprep> 
Reading force field parameter file.
Forcefield name:               Q-OPLSAA
Forcefield type:               AMBER
Lennard-Jones combination rule:GEOMETRIC
Scaling of 1-4 electrostatics: 0.500
Cut-off rule:                  switching atoms
Improper potential:            PERIODIC
Improper generation:           EXPLICIT
Coulomb constant:              332.0716
Read  130 atom types
>>>>> WARNING: No SYBYL name for one or more atom types.
Read    0 atom type alias names
Read    0 LJ type 2 pairs
Read  174 bond types
Read   55 unique bond parameters
>>>>> WARNING: No SYBYL bond type for one or more bond types.
Read  335 angle types
Read  102  unique angle parameters
Read 1222 torsion types
Read  224 unique torsion parameters
Read   82 improper types
Force field parameters successfully read.

Qprep> 
>>>>> ERROR: Too many atoms in residue LIG      1
>>>WARNING: ignoring unrecognised line in PDB file
END
PDB file contains  1582 atoms.
The number of atoms in the topology will be  1565
>>>>> ERROR: The check of the PDB file failed.
Qprep> Qprep> Sequence listing:



Qprep>  Out of range!
Qprep> Preferences (use set command to change):
 1. solvent_pack                           2.4000
 2. solvent_names                      HOH ,SPC ,                                                                                                                                                                                              
 3. solute_density                         0.0579
 4. random_seed_solute                     179857
 5. random_seed_solvent                    758971
Qprep> Qprep> Qprep> >>>>> ERROR: Could not find centre atom 80:CB
Qprep> >>>>> ERROR Boundary unknown
Use <boundary> to define boundary condition
Qprep> Qprep> >>>>> ERROR: Boundary has not been set.
Qprep>  WARNING: The topology is incomplete due to missing parameters!
 Do you realLY want to write this erronenous topology?
 Enter yes to proceed, anything else to cancel.
-----> Write _ERRONENOUS_ topology [yes/NO] ? -----> Write _ERRONENOUS_ topology [yes/NO] ? -----> Write _ERRONENOUS_ topology [yes/NO] ? Qprep> 