
Build and version information

Build number 6.0.9
Build date   20250515
Built:       
      by     ma.castillot
      on     sn4622119831
      git id d993af2a20623fcf9dc867341fb6902d395c0ec9
      with   GNU Fortran GCC 11.4.1 20231218 Red Hat 11.4.1-3
qprep version 6.0.9 , git id=d993af2a20623fcf9dc867341fb6902d395c0ec9 initialising
Current date 2025- 6- 4 and time 12:52:40

Welcome in qprep modification date 20250515

 Q6, Copyright © 2017 Johan Åqvist, John Marelius, Shina Caroline Lynn Kamerlin and Paul Bauer
 Q6 comes with ABSOLUTELY NO WARRANTY.  This is free software, and you are welcome
 to redistribute it under certain conditions. For details, add the --help flag.

Qprep> 
Reading molecular library NUT.lib

name  atoms  net Q  bonds  rules   imps Q-grps
LIG      70  -0.00     74      0     24    none, creating default

Accumulated no. of library entries loaded =   1

Qprep> 
Reading molecular library OPLS2005.lib

name  atoms  net Q  bonds  rules   imps Q-grps
ALA      10   0.00      9      0      2      3
ARG      24   1.00     23      2      6      4
ARN      23   0.00     22      2      5      5
ASN      14   0.00     13      1      4      5
ASP      12  -1.00     11      0      3      3
ASH      13   0.00     12      1      3      4
CYS      11   0.00     10      0      2      3
CYX      10   0.00      9      0      2      3
GLN      17   0.00     16      1      4      6
GLU      15  -1.00     14      0      3      4
GLH      16   0.00     15      1      3      5
GLY       7   0.00      6      0      2      2
HIP      18   1.00     18      0      7      3
HID      17   0.00     17      0      6      3
HIE      17   0.00     17      0      6      3
ILE      19   0.00     18      0      2      6
LEU      19   0.00     18      0      2      6
LYS      22   1.00     21      0      2      6
KCX      23  -1.00     22      0      4      6
LYN      21   0.00     20      0      2      6
MET      17   0.00     16      0      2      4
PHE      20   0.00     20      0      8      8
PRO      14   0.00     14      0      2      4
SEB      10  -0.42      9      0      2      3
>>> Warning: fractional charge = -0.41800 on group no.  2
SER      11  -0.00     10      0      2      3
THR      14  -0.00     13      0      2      4
TRP      24   0.00     25      0     11      8
TYR      21   0.00     21      0      8      8
VAL      16   0.00     15      0      2      5
NALA     12   1.00     11      0      1      3
NAR+     26   2.00     25      2      5      4
NARG     25   1.00     24      2      4      5
NASN     16   1.00     15      1      3      5
NAS-     14   0.00     13      0      2      3
NASP     15   1.00     14      1      2      4
NCYS     13   1.00     12      0      1      3
NCYX     12   1.00     11      0      1      3
NGLN     19   1.00     18      1      3      6
NGL-     17   0.00     16      0      2      4
NGLU     18   1.00     17      1      2      5
NGLY      9   1.00      8      0      1      2
NHIP     20   2.00     20      0      6      3
NHID     19   1.00     19      0      5      3
NHIE     19   1.00     19      0      5      3
NILE     21   1.00     20      0      1      6
NLEU     21   1.00     20      0      1      6
NLYP     24   2.00     23      0      1      6
NLY+     24   2.00     23      0      1      6
NLYS     23   1.00     22      0      1      6
NMET     19   1.00     18      0      1      4
NPHE     22   1.00     22      0      7      8
NPRO     16   1.00     16      0      1      4
NSER     13   1.00     12      0      1      3
NTHR     16   1.00     15      0      1      4
NTRP     26   1.00     27      0     10      8
NTYR     23   1.00     23      0      7      8
NVAL     18   1.00     17      0      1      5
CALA     11  -1.00     10      0      2      2
CAR+     25   0.00     24      2      6      3
CARG     24  -1.00     23      2      5      4
CASN     15  -1.00     14      1      4      4
CAS-     13  -2.00     12      0      3      2
CASP     14  -1.00     13      1      3      3
CCYS     12  -1.00     11      0      2      2
CCYX     11  -1.00     10      0      2      2
CGLN     18  -1.00     17      1      4      5
CGL-     16  -2.00     15      0      3      3
CGLU     17  -1.00     16      1      3      4
CGLY      8  -1.00      7      0      2      1
CHIP     19  -0.00     19      0      7      2
CHID     18  -1.00     18      0      6      2
CHIE     18  -1.00     18      0      6      2
CILE     20  -1.00     19      0      2      5
CLEU     20  -1.00     19      0      2      5
CLYP     23   0.00     22      0      2      5
CLY+     23   0.00     22      0      2      5
CLYS     22  -1.00     21      0      2      5
CMET     18  -1.00     17      0      2      3
CPHE     21  -1.00     21      0      8      7
CPRO     15  -1.00     15      0      1      3
CSER     12  -1.00     11      0      2      2
CTHR     15  -1.00     14      0      2      3
CTRP     25  -1.00     26      0     11      7
CTYR     22  -1.00     22      0      8      7
CVAL     17  -1.00     16      0      2      4
HOH       3   0.00      3      0      0      1
SPC       3   0.00      3      0      0      1
K+        1   1.00      0      0      0    none, creating default
Na+       1   1.00      0      0      0    none, creating default
Ca2       1   2.00      0      0      0    none, creating default
Cl-       1  -1.00      0      0      0    none, creating default
ZN2       5   2.00      4      0      0    none, creating default
POP      52   0.00     51      0      3     18

Accumulated no. of library entries loaded =  94

Qprep> Qprep> 
Reading force field parameter file.
Forcefield name:               Q-OPLSAA
Forcefield type:               AMBER
Lennard-Jones combination rule:GEOMETRIC
Scaling of 1-4 electrostatics: 0.500
Cut-off rule:                  switching atoms
Improper potential:            PERIODIC
Improper generation:           EXPLICIT
Coulomb constant:              332.0716
Read  130 atom types
>>>>> WARNING: No SYBYL name for one or more atom types.
Read    0 atom type alias names
Read    0 LJ type 2 pairs
Read  174 bond types
Read   55 unique bond parameters
>>>>> WARNING: No SYBYL bond type for one or more bond types.
Read  335 angle types
Read  102  unique angle parameters
Read 1222 torsion types
Read  224 unique torsion parameters
Read   82 improper types
Force field parameters successfully read.

Qprep> 
PDB file contains    70 atoms.
The number of atoms in the topology will be    70
molecule    1: LIG     1 - LIG     1

Successfully read PDB file with    1 molecules,
    1 residues totally (    1 in solute).
   70 atoms totally (   70 in solute).

Sequence listing:

LIG 

Qprep> Qprep> Sequence listing:

   1-LIG 

Qprep> Residue     1 is LIG 
Atom name  tac     charge 
    1 O1  XO1      -0.6163
    2 C2  XC2       0.8613
    3 N3  XN3      -0.2947
    4 C4  XC4       0.0025
    5 C5  XC5       0.5000
    6 O6  XO6      -0.5000
    7 N7  XN7      -0.5000
    8 C8  XC8       0.0800
    9 C9  XC9      -0.0703
   10 N10 XN10     -0.2947
   11 C11 XC11      0.4815
   12 C12 XC12      0.0000
   13 C13 XC13     -0.1150
   14 C14 XC14     -0.1150
   15 C15 XC15      0.0850
   16 O16 XO16     -0.2850
   17 C17 XC17      0.1700
   18 C18 XC18     -0.1800
   19 C19 XC19     -0.1800
   20 C20 XC20     -0.1150
   21 C21 XC21      0.0850
   22 O22 XO22     -0.2850
   23 C23 XC23      0.1100
   24 C24 XC24      0.1047
   25 C25 XC25     -0.1150
   26 C26 XC26     -0.1150
   27 C27 XC27     -0.1150
   28 C28 XC28      0.1800
   29 Cl29XCl29    -0.1800
   30 C30 XC30     -0.1150
   31 C31 XC31     -0.1150
   32 C32 XC32      0.2120
   33 N33 XN33     -0.5160
   34 C34 XC34     -0.1150
   35 C35 XC35     -0.1150
   36 C36 XC36     -0.1150
   37 C37 XC37      0.1800
   38 Cl38XCl38    -0.1800
   39 C39 XC39     -0.1150
   40 C40 XC40     -0.1150
   41 H41 XH41      0.0600
   42 H42 XH42      0.0600
   43 H43 XH43      0.3000
   44 H44 XH44      0.0600
   45 H45 XH45      0.0600
   46 H46 XH46      0.0600
   47 H47 XH47      0.0600
   48 H48 XH48      0.1150
   49 H49 XH49      0.1150
   50 H50 XH50      0.0300
   51 H51 XH51      0.0600
   52 H52 XH52      0.0600
   53 H53 XH53      0.0600
   54 H54 XH54      0.0600
   55 H55 XH55      0.0600
   56 H56 XH56      0.0600
   57 H57 XH57      0.1150
   58 H58 XH58      0.0300
   59 H59 XH59      0.0300
   60 H60 XH60      0.0300
   61 H61 XH61      0.0600
   62 H62 XH62      0.1150
   63 H63 XH63      0.1150
   64 H64 XH64      0.1150
   65 H65 XH65      0.1150
   66 H66 XH66      0.0600
   67 H67 XH67      0.1150
   68 H68 XH68      0.1150
   69 H69 XH69      0.1150
   70 H70 XH70      0.1150

Qprep> Preferences (use set command to change):
 1. solvent_pack                           2.4000
 2. solvent_names                      HOH ,SPC ,                                                                                                                                                                                              
 3. solute_density                         0.0579
 4. random_seed_solute                     179857
 5. random_seed_solvent                    758971
Qprep> Qprep> Qprep> 
Simulation sphere centre                   :    -25.804  11.190 -13.400
Simulation radius                          :     20.000
Qprep> 
Solvation sphere centre                   :    -25.804  11.190 -13.400
Library entry used to generate solvent  :       HOH 
Radius of solvent sphere                =      20.00 A
Grid spacing                            =       3.10 A 
No. of solvent molecules in the sphere:  1141
Minimum distance to solute heavy atoms:  2.40 A
No. of solvent molecules to add to the system:  1112
Qprep> Qprep> Assigned  3406 atom types.
Assigned  3406 atomic charges.
Made        74 solute bonds.
Made         0 extra bonds.
Made      3336 solvent bonds.
Made       129 solute angles.
Made      1112 solvent angles.
Made       740 solute torsions.
Made         0 solvent torsions.
Made        24 solute impropers.
Made         0 solvent impropers.
Made        89 entries in the 1-4 neighbour list.
Made        84 entries in the long-range 1-4 neighbour list.
Made      4567 entries in list of excluded neighbours.
Made        84 entries in list of long-range excluded neighbours.
Made         0 solute hydrogens.
Made      2224 solvent hydrogens.
Made        1 solute  charge groups comprising a total of     70 atoms.
Made     1112 solvent charge groups comprising a total of   3336 atoms.
Effective water radius                     : 20.07
Topology successfully generated.
Qprep> 
---------------------------- Writing topology file ---------------------------
solute atoms                :     70
solvent atoms               :   3336
solvent mol atoms           :      3
solvent dielectric as num*10:  80100
co-ordinates                :  10218
integer atom codes          :   3406
solute bonds                :     74
solvent bonds               :   3336
bond parameters             :     19
solute angles               :    129
solvent angles              :   1112
angle parameters            :     32
torsions                    :    740
torsion parameters          :     67
impropers                   :     24
improper parameters         :     24
charges                     :   3406
total charge of not excluded:  -0.00
charge groups               :   1113
atom type parameters        :    130
polar LJ pairs              :      0
neighbour list              :     89
long-range neighbour list   :     84
neighbour exclusion list    :   4567
long-range exclusions       :     84
residues                    :   1113
molecules                   :   1113
Atom type names             :    130
SYBYL type information      :    130
excluded atom list          :      0

Qprep> Qprep> Qprep> 

PDB file successfully written.

Qprep> 